There are 4 cores 
L2 cache associativity is 8 
stringsearch_small ,sha ,
FFT ,BARNES ,
stringsearch_small ,LU ,
FFT ,sha ,
Deadline set to: 84000
Core 0: 80929 [860 80069 ] 
Core 1: 34818 [1679 33139 ] 
Core 2: 23679 [860 22819 ] 
Core 3: 81748 [1679 80069 ] 

Core 0: 
PF=1: E=93790,T=83319 [ 52:32768B_4W_64B_32768B_2W_64B  61:8192B_1W_64B_32768B_4W_64B ] 
PF=2: E=93149,T=82848 [ 69:8192B_1W_32B_16384B_1W_32B  44:16384B_1W_64B_8192B_1W_64B ] 
PF=3: E=93089,T=83528 [ 69:16384B_1W_32B_8192B_1W_32B  40:16384B_1W_64B_16384B_1W_64B ] 
PF=4: E=93080,T=83488 [ 69:16384B_1W_32B_8192B_1W_32B  42:8192B_1W_64B_16384B_1W_64B ] 
PF=5: E=92853,T=83168 [ 52:32768B_4W_64B_32768B_2W_64B  42:16384B_1W_64B_16384B_1W_64B ] 
PF=6: E=92487,T=82418 [ 52:8192B_1W_64B_32768B_1W_64B  40:8192B_1W_64B_16384B_1W_64B ] 
PF=7: E=92386,T=82238 [ 69:8192B_1W_32B_8192B_1W_32B  40:8192B_1W_64B_16384B_1W_64B ] 

Core 1: 
PF=1: E=41057,T=31690 [ 31:32768B_2W_32B_16384B_2W_32B  69:8192B_1W_32B_16384B_1W_32B ] 
PF=2: E=40729,T=31159 [ 22:16384B_1W_64B_32768B_1W_64B  69:8192B_1W_32B_16384B_1W_32B ] 
PF=3: E=41026,T=31070 [ 22:32768B_1W_64B_8192B_1W_64B  69:8192B_1W_32B_16384B_1W_32B ] 
PF=4: E=41163,T=31020 [ 1:16384B_2W_64B_32768B_2W_64B  69:16384B_1W_32B_8192B_1W_32B ] 
PF=5: E=41129,T=30638 [ 1:16384B_2W_64B_32768B_2W_64B  69:16384B_1W_32B_8192B_1W_32B ] 
PF=6: E=41227,T=30339 [ 1:16384B_2W_64B_32768B_2W_64B  69:16384B_1W_32B_8192B_1W_32B ] 
PF=7: E=41458,T=30120 [ 1:16384B_2W_64B_32768B_2W_64B  69:16384B_1W_32B_8192B_1W_32B ] 

Core 2: 
PF=1: E=33203,T=26599 [ 52:32768B_4W_64B_32768B_2W_64B  70:8192B_1W_64B_8192B_1W_64B ] 
PF=2: E=33135,T=26488 [ 69:8192B_1W_32B_16384B_1W_32B  70:8192B_1W_64B_8192B_1W_64B ] 
PF=3: E=32977,T=26159 [ 69:16384B_1W_32B_8192B_1W_32B  41:32768B_2W_32B_32768B_1W_32B ] 
PF=4: E=32362,T=25489 [ 69:16384B_1W_32B_8192B_1W_32B  41:16384B_2W_64B_32768B_4W_64B ] 
PF=5: E=31736,T=24839 [ 52:32768B_4W_64B_32768B_2W_64B  41:32768B_4W_64B_16384B_2W_64B ] 
PF=6: E=31101,T=24189 [ 52:8192B_1W_64B_32768B_1W_64B  41:32768B_4W_64B_16384B_2W_64B ] 
PF=7: E=30464,T=23548 [ 69:8192B_1W_32B_8192B_1W_32B  58:16384B_2W_32B_16384B_1W_32B ] 

Core 3: 
PF=1: E=94664,T=83810 [ 31:32768B_2W_32B_16384B_2W_32B  61:8192B_1W_64B_32768B_4W_64B ] 
PF=2: E=93915,T=83219 [ 22:16384B_1W_64B_32768B_1W_64B  44:16384B_1W_64B_8192B_1W_64B ] 
PF=3: E=94348,T=83499 [ 22:32768B_1W_64B_8192B_1W_64B  44:16384B_1W_64B_8192B_1W_64B ] 
PF=4: E=94530,T=83759 [ 1:16384B_2W_64B_32768B_2W_64B  44:8192B_1W_64B_8192B_1W_64B ] 
PF=5: E=94185,T=83988 [ 1:16384B_2W_64B_32768B_2W_64B  42:16384B_1W_64B_16384B_1W_64B ] 
PF=6: E=93793,T=83199 [ 1:16384B_2W_64B_32768B_2W_64B  40:8192B_1W_64B_16384B_1W_64B ] 
PF=7: E=93692,T=83029 [ 1:16384B_2W_64B_32768B_2W_64B  40:8192B_1W_64B_16384B_1W_64B ] 

Minimum energy for L1 DCR + L2 CP is 260928, time is 83219 (using partition scheme 14): 
 Core 0 use PF = 2:  69:32768B_2W_32B_32768B_4W_32B  44:16384B_1W_32B_16384B_1W_32B  
 Core 1 use PF = 2:  22:16384B_2W_64B_32768B_4W_64B  69:32768B_2W_32B_32768B_4W_32B  
 Core 2 use PF = 2:  69:32768B_2W_32B_32768B_4W_32B  70:32768B_2W_32B_32768B_2W_32B  
 Core 3 use PF = 2:  22:16384B_2W_64B_32768B_4W_64B  44:16384B_1W_32B_16384B_1W_32B  
 
Minimum energy for L1 DCR + Uniform L2 CP is 260928, time is 83219: 
 Core 0 use PF = 2:  69:32768B_2W_32B_32768B_4W_32B  44:16384B_1W_32B_16384B_1W_32B  
 Core 1 use PF = 2:  22:16384B_2W_64B_32768B_4W_64B  69:32768B_2W_32B_32768B_4W_32B  
 Core 2 use PF = 2:  69:32768B_2W_32B_32768B_4W_32B  70:32768B_2W_32B_32768B_2W_32B  
 Core 3 use PF = 2:  22:16384B_2W_64B_32768B_4W_64B  44:16384B_1W_32B_16384B_1W_32B  
 
Minimum energy for L2 CP only is 319190, time is 82019 (using partition scheme 20): 
 Core 0 use PF = 1, with base L1 1 
 Core 1 use PF = 1, with base L1 1 
 Core 2 use PF = 5, with base L1 1 
 Core 3 use PF = 1, with base L1 1 
 
The Energy Improvement is 0.182531 
Method, Energy, Time, deadline=84000
CP, 319190, 82019
DCR(Base), 260928, 83219
DCR+CP, 260928, 83219


