There are 4 cores 
L2 cache associativity is 8 
bitcnts ,stringsearch_small ,
FMM ,WATER-NSQUARED ,
BARNES ,LU ,
CHOLESKY ,sha ,
Deadline set to: 202500
Core 0: 188808 [187929 879 ] 
Core 1: 67658 [60169 7489 ] 
Core 2: 60499 [36819 23680 ] 
Core 3: 231519 [151649 79870 ] 

Core 0: 
PF=1: E=49762937,T=188170 [ 56:16384B_2W_64B_16384B_2W_64B  47:32768B_1W_32B_32768B_1W_32B ] 
PF=2: E=49758126,T=188329 [ 64:32768B_1W_64B_16384B_2W_64B  47:32768B_1W_32B_32768B_1W_32B ] 
PF=3: E=48910407,T=188320 [ 60:32768B_1W_64B_32768B_2W_64B  26:32768B_4W_64B_32768B_4W_64B ] 
PF=4: E=49721497,T=188130 [ 56:16384B_2W_64B_16384B_2W_64B  12:32768B_1W_32B_32768B_4W_32B ] 
PF=5: E=49705969,T=188099 [ 56:32768B_1W_32B_8192B_1W_32B  26:32768B_2W_64B_32768B_1W_64B ] 
PF=6: E=49693555,T=188090 [ 56:16384B_2W_64B_16384B_2W_64B  26:8192B_1W_64B_32768B_4W_64B ] 
PF=7: E=48898250,T=188280 [ 60:32768B_2W_64B_32768B_2W_64B  12:32768B_1W_32B_32768B_4W_32B ] 

Core 1: 
PF=1: E=4082498,T=58429 [ 52:32768B_4W_64B_16384B_1W_64B  48:8192B_1W_32B_16384B_2W_32B ] 
PF=2: E=4007742,T=57568 [ 52:8192B_1W_64B_16384B_1W_64B  48:8192B_1W_32B_16384B_2W_32B ] 
PF=3: E=3940370,T=56058 [ 52:8192B_1W_64B_16384B_1W_64B  12:16384B_1W_32B_32768B_4W_32B ] 
PF=4: E=3882275,T=55459 [ 52:32768B_2W_64B_16384B_1W_64B  12:32768B_2W_32B_32768B_2W_32B ] 
PF=5: E=3831460,T=55019 [ 52:32768B_2W_64B_16384B_1W_64B  12:16384B_1W_32B_32768B_4W_32B ] 
PF=6: E=3788122,T=54699 [ 52:32768B_2W_64B_16384B_1W_64B  12:32768B_2W_64B_32768B_2W_64B ] 
PF=7: E=3750296,T=54438 [ 52:32768B_4W_64B_16384B_1W_64B  12:32768B_2W_64B_32768B_2W_64B ] 

Core 2: 
PF=1: E=1775442,T=47088 [ 58:16384B_1W_32B_16384B_1W_32B  21:16384B_1W_32B_32768B_4W_32B ] 
PF=2: E=1841503,T=49229 [ 58:16384B_1W_32B_16384B_1W_32B  26:32768B_4W_32B_32768B_2W_32B ] 
PF=3: E=1895381,T=44800 [ 19:32768B_1W_64B_32768B_4W_64B  29:32768B_1W_64B_16384B_2W_64B ] 
PF=4: E=1771884,T=42120 [ 19:8192B_1W_32B_32768B_2W_32B  29:16384B_1W_64B_16384B_2W_64B ] 
PF=5: E=1733042,T=46989 [ 52:16384B_2W_64B_16384B_1W_64B  34:8192B_1W_32B_32768B_4W_32B ] 
PF=6: E=1667306,T=45249 [ 52:16384B_2W_64B_16384B_1W_64B  21:32768B_4W_32B_32768B_4W_32B ] 
PF=7: E=1579812,T=42938 [ 52:16384B_2W_64B_16384B_1W_64B  34:8192B_1W_32B_32768B_4W_32B ] 

Core 3: 
PF=1: E=-1,T=-1 
PF=2: E=25074872,T=186770 [ 19:8192B_1W_32B_32768B_4W_32B  49:8192B_1W_64B_16384B_1W_64B ] 
PF=3: E=22858776,T=173539 [ 19:16384B_2W_32B_32768B_2W_32B  49:8192B_1W_64B_16384B_1W_64B ] 
PF=4: E=21419458,T=164959 [ 19:8192B_1W_64B_32768B_1W_64B  49:8192B_1W_64B_16384B_1W_64B ] 
PF=5: E=20639881,T=160329 [ 19:16384B_1W_64B_32768B_1W_64B  49:8192B_1W_64B_16384B_1W_64B ] 
PF=6: E=20336118,T=158550 [ 19:32768B_4W_32B_32768B_4W_32B  49:32768B_1W_64B_8192B_1W_64B ] 
PF=7: E=20346882,T=158660 [ 19:32768B_1W_32B_32768B_4W_32B  49:32768B_1W_64B_8192B_1W_64B ] 

Minimum energy for L1 DCR + L2 CP is 76260758, time is 188170 (using partition scheme 0): 
 Core 0 use PF = 1:  56:32768B_4W_32B_32768B_1W_32B  47:8192B_1W_32B_32768B_4W_32B  
 Core 1 use PF = 1:  52:32768B_1W_32B_32768B_4W_32B  48:8192B_1W_32B_32768B_2W_32B  
 Core 2 use PF = 1:  58:16384B_2W_32B_32768B_4W_32B  21:32768B_4W_64B_32768B_2W_64B  
 Core 3 use PF = 5:  19:32768B_4W_64B_32768B_4W_64B  49:8192B_1W_32B_32768B_1W_32B  
 
Minimum energy for L1 DCR + Uniform L2 CP is 80682243, time is 188329: 
 Core 0 use PF = 2:  64:16384B_2W_32B_32768B_1W_32B  47:8192B_1W_32B_32768B_4W_32B  
 Core 1 use PF = 2:  52:32768B_1W_32B_32768B_4W_32B  48:8192B_1W_32B_32768B_2W_32B  
 Core 2 use PF = 2:  58:16384B_2W_32B_32768B_4W_32B  26:16384B_1W_64B_32768B_2W_64B  
 Core 3 use PF = 2:  19:32768B_4W_64B_32768B_4W_64B  49:8192B_1W_32B_32768B_1W_32B  
 
Minimum energy for L2 CP only is 2147483647, time is 0 (using partition scheme 0): 
 Core 0 use PF = 1, with base L1 1 
 Core 1 use PF = 1, with base L1 1 
 Core 2 use PF = 1, with base L1 1 
 Core 3 use PF = 5, with base L1 1 
 
The Energy Improvement is 0.964488 
Method, Energy, Time, deadline=202500
CP, 2147483647, 0
DCR(Base), 80682243, 188329
DCR+CP, 76260758, 188170


There are 4 cores 
L2 cache associativity is 8 
bitcnts ,stringsearch_small ,
FMM ,WATER-NSQUARED ,
BARNES ,LU ,
CHOLESKY ,sha ,
Deadline set to: 205000
Core 0: 188808 [187929 879 ] 
Core 1: 67658 [60169 7489 ] 
Core 2: 60499 [36819 23680 ] 
Core 3: 231519 [151649 79870 ] 

Core 0: 
PF=1: E=49762937,T=188170 [ 56:16384B_2W_64B_16384B_2W_64B  47:32768B_1W_32B_32768B_1W_32B ] 
PF=2: E=49758126,T=188329 [ 64:32768B_1W_64B_16384B_2W_64B  47:32768B_1W_32B_32768B_1W_32B ] 
PF=3: E=48910407,T=188320 [ 60:32768B_1W_64B_32768B_2W_64B  26:32768B_4W_64B_32768B_4W_64B ] 
PF=4: E=49721497,T=188130 [ 56:16384B_2W_64B_16384B_2W_64B  12:32768B_1W_32B_32768B_4W_32B ] 
PF=5: E=49705969,T=188099 [ 56:32768B_1W_32B_8192B_1W_32B  26:32768B_2W_64B_32768B_1W_64B ] 
PF=6: E=49693555,T=188090 [ 56:16384B_2W_64B_16384B_2W_64B  26:8192B_1W_64B_32768B_4W_64B ] 
PF=7: E=48898250,T=188280 [ 60:32768B_2W_64B_32768B_2W_64B  12:32768B_1W_32B_32768B_4W_32B ] 

Core 1: 
PF=1: E=4082498,T=58429 [ 52:32768B_4W_64B_16384B_1W_64B  48:8192B_1W_32B_16384B_2W_32B ] 
PF=2: E=4007742,T=57568 [ 52:8192B_1W_64B_16384B_1W_64B  48:8192B_1W_32B_16384B_2W_32B ] 
PF=3: E=3940370,T=56058 [ 52:8192B_1W_64B_16384B_1W_64B  12:16384B_1W_32B_32768B_4W_32B ] 
PF=4: E=3882275,T=55459 [ 52:32768B_2W_64B_16384B_1W_64B  12:32768B_2W_32B_32768B_2W_32B ] 
PF=5: E=3831460,T=55019 [ 52:32768B_2W_64B_16384B_1W_64B  12:16384B_1W_32B_32768B_4W_32B ] 
PF=6: E=3788122,T=54699 [ 52:32768B_2W_64B_16384B_1W_64B  12:32768B_2W_64B_32768B_2W_64B ] 
PF=7: E=3750296,T=54438 [ 52:32768B_4W_64B_16384B_1W_64B  12:32768B_2W_64B_32768B_2W_64B ] 

Core 2: 
PF=1: E=1775442,T=47088 [ 58:16384B_1W_32B_16384B_1W_32B  21:16384B_1W_32B_32768B_4W_32B ] 
PF=2: E=1841503,T=49229 [ 58:16384B_1W_32B_16384B_1W_32B  26:32768B_4W_32B_32768B_2W_32B ] 
PF=3: E=1895381,T=44800 [ 19:32768B_1W_64B_32768B_4W_64B  29:32768B_1W_64B_16384B_2W_64B ] 
PF=4: E=1771884,T=42120 [ 19:8192B_1W_32B_32768B_2W_32B  29:16384B_1W_64B_16384B_2W_64B ] 
PF=5: E=1733042,T=46989 [ 52:16384B_2W_64B_16384B_1W_64B  34:8192B_1W_32B_32768B_4W_32B ] 
PF=6: E=1667306,T=45249 [ 52:16384B_2W_64B_16384B_1W_64B  21:32768B_4W_32B_32768B_4W_32B ] 
PF=7: E=1579812,T=42938 [ 52:16384B_2W_64B_16384B_1W_64B  34:8192B_1W_32B_32768B_4W_32B ] 

Core 3: 
PF=1: E=29296493,T=204040 [ 19:32768B_4W_32B_32768B_2W_32B  49:32768B_1W_64B_8192B_1W_64B ] 
PF=2: E=25074872,T=186770 [ 19:8192B_1W_32B_32768B_4W_32B  49:8192B_1W_64B_16384B_1W_64B ] 
PF=3: E=22858776,T=173539 [ 19:16384B_2W_32B_32768B_2W_32B  49:8192B_1W_64B_16384B_1W_64B ] 
PF=4: E=21419458,T=164959 [ 19:8192B_1W_64B_32768B_1W_64B  49:8192B_1W_64B_16384B_1W_64B ] 
PF=5: E=20639881,T=160329 [ 19:16384B_1W_64B_32768B_1W_64B  49:8192B_1W_64B_16384B_1W_64B ] 
PF=6: E=20336118,T=158550 [ 19:32768B_4W_32B_32768B_4W_32B  49:32768B_1W_64B_8192B_1W_64B ] 
PF=7: E=20346882,T=158660 [ 19:32768B_1W_32B_32768B_4W_32B  49:32768B_1W_64B_8192B_1W_64B ] 

Minimum energy for L1 DCR + L2 CP is 76260758, time is 188170 (using partition scheme 0): 
 Core 0 use PF = 1:  56:32768B_4W_32B_32768B_1W_32B  47:8192B_1W_32B_32768B_4W_32B  
 Core 1 use PF = 1:  52:32768B_1W_32B_32768B_4W_32B  48:8192B_1W_32B_32768B_2W_32B  
 Core 2 use PF = 1:  58:16384B_2W_32B_32768B_4W_32B  21:32768B_4W_64B_32768B_2W_64B  
 Core 3 use PF = 5:  19:32768B_4W_64B_32768B_4W_64B  49:8192B_1W_32B_32768B_1W_32B  
 
Minimum energy for L1 DCR + Uniform L2 CP is 80682243, time is 188329: 
 Core 0 use PF = 2:  64:16384B_2W_32B_32768B_1W_32B  47:8192B_1W_32B_32768B_4W_32B  
 Core 1 use PF = 2:  52:32768B_1W_32B_32768B_4W_32B  48:8192B_1W_32B_32768B_2W_32B  
 Core 2 use PF = 2:  58:16384B_2W_32B_32768B_4W_32B  26:16384B_1W_64B_32768B_2W_64B  
 Core 3 use PF = 2:  19:32768B_4W_64B_32768B_4W_64B  49:8192B_1W_32B_32768B_1W_32B  
 
Minimum energy for L2 CP only is 2147483647, time is 0 (using partition scheme 0): 
 Core 0 use PF = 1, with base L1 1 
 Core 1 use PF = 1, with base L1 1 
 Core 2 use PF = 1, with base L1 1 
 Core 3 use PF = 5, with base L1 1 
 
The Energy Improvement is 0.964488 
Method, Energy, Time, deadline=205000
CP, 2147483647, 0
DCR(Base), 80682243, 188329
DCR+CP, 76260758, 188170


There are 4 cores 
L2 cache associativity is 8 
bitcnts ,stringsearch_small ,
FMM ,WATER-NSQUARED ,
BARNES ,LU ,
CHOLESKY ,sha ,
Deadline set to: 207500
Core 0: 188808 [187929 879 ] 
Core 1: 67658 [60169 7489 ] 
Core 2: 60499 [36819 23680 ] 
Core 3: 231519 [151649 79870 ] 

Core 0: 
PF=1: E=49762937,T=188170 [ 56:16384B_2W_64B_16384B_2W_64B  47:32768B_1W_32B_32768B_1W_32B ] 
PF=2: E=49758126,T=188329 [ 64:32768B_1W_64B_16384B_2W_64B  47:32768B_1W_32B_32768B_1W_32B ] 
PF=3: E=48910407,T=188320 [ 60:32768B_1W_64B_32768B_2W_64B  26:32768B_4W_64B_32768B_4W_64B ] 
PF=4: E=49721497,T=188130 [ 56:16384B_2W_64B_16384B_2W_64B  12:32768B_1W_32B_32768B_4W_32B ] 
PF=5: E=49705969,T=188099 [ 56:32768B_1W_32B_8192B_1W_32B  26:32768B_2W_64B_32768B_1W_64B ] 
PF=6: E=49693555,T=188090 [ 56:16384B_2W_64B_16384B_2W_64B  26:8192B_1W_64B_32768B_4W_64B ] 
PF=7: E=48898250,T=188280 [ 60:32768B_2W_64B_32768B_2W_64B  12:32768B_1W_32B_32768B_4W_32B ] 

Core 1: 
PF=1: E=4082498,T=58429 [ 52:32768B_4W_64B_16384B_1W_64B  48:8192B_1W_32B_16384B_2W_32B ] 
PF=2: E=4007742,T=57568 [ 52:8192B_1W_64B_16384B_1W_64B  48:8192B_1W_32B_16384B_2W_32B ] 
PF=3: E=3940370,T=56058 [ 52:8192B_1W_64B_16384B_1W_64B  12:16384B_1W_32B_32768B_4W_32B ] 
PF=4: E=3882275,T=55459 [ 52:32768B_2W_64B_16384B_1W_64B  12:32768B_2W_32B_32768B_2W_32B ] 
PF=5: E=3831460,T=55019 [ 52:32768B_2W_64B_16384B_1W_64B  12:16384B_1W_32B_32768B_4W_32B ] 
PF=6: E=3788122,T=54699 [ 52:32768B_2W_64B_16384B_1W_64B  12:32768B_2W_64B_32768B_2W_64B ] 
PF=7: E=3750296,T=54438 [ 52:32768B_4W_64B_16384B_1W_64B  12:32768B_2W_64B_32768B_2W_64B ] 

Core 2: 
PF=1: E=1775442,T=47088 [ 58:16384B_1W_32B_16384B_1W_32B  21:16384B_1W_32B_32768B_4W_32B ] 
PF=2: E=1841503,T=49229 [ 58:16384B_1W_32B_16384B_1W_32B  26:32768B_4W_32B_32768B_2W_32B ] 
PF=3: E=1895381,T=44800 [ 19:32768B_1W_64B_32768B_4W_64B  29:32768B_1W_64B_16384B_2W_64B ] 
PF=4: E=1771884,T=42120 [ 19:8192B_1W_32B_32768B_2W_32B  29:16384B_1W_64B_16384B_2W_64B ] 
PF=5: E=1733042,T=46989 [ 52:16384B_2W_64B_16384B_1W_64B  34:8192B_1W_32B_32768B_4W_32B ] 
PF=6: E=1667306,T=45249 [ 52:16384B_2W_64B_16384B_1W_64B  21:32768B_4W_32B_32768B_4W_32B ] 
PF=7: E=1579812,T=42938 [ 52:16384B_2W_64B_16384B_1W_64B  34:8192B_1W_32B_32768B_4W_32B ] 

Core 3: 
PF=1: E=29296493,T=204040 [ 19:32768B_4W_32B_32768B_2W_32B  49:32768B_1W_64B_8192B_1W_64B ] 
PF=2: E=25074872,T=186770 [ 19:8192B_1W_32B_32768B_4W_32B  49:8192B_1W_64B_16384B_1W_64B ] 
PF=3: E=22858776,T=173539 [ 19:16384B_2W_32B_32768B_2W_32B  49:8192B_1W_64B_16384B_1W_64B ] 
PF=4: E=21419458,T=164959 [ 19:8192B_1W_64B_32768B_1W_64B  49:8192B_1W_64B_16384B_1W_64B ] 
PF=5: E=20639881,T=160329 [ 19:16384B_1W_64B_32768B_1W_64B  49:8192B_1W_64B_16384B_1W_64B ] 
PF=6: E=20336118,T=158550 [ 19:32768B_4W_32B_32768B_4W_32B  49:32768B_1W_64B_8192B_1W_64B ] 
PF=7: E=20346882,T=158660 [ 19:32768B_1W_32B_32768B_4W_32B  49:32768B_1W_64B_8192B_1W_64B ] 

Minimum energy for L1 DCR + L2 CP is 76260758, time is 188170 (using partition scheme 0): 
 Core 0 use PF = 1:  56:32768B_4W_32B_32768B_1W_32B  47:8192B_1W_32B_32768B_4W_32B  
 Core 1 use PF = 1:  52:32768B_1W_32B_32768B_4W_32B  48:8192B_1W_32B_32768B_2W_32B  
 Core 2 use PF = 1:  58:16384B_2W_32B_32768B_4W_32B  21:32768B_4W_64B_32768B_2W_64B  
 Core 3 use PF = 5:  19:32768B_4W_64B_32768B_4W_64B  49:8192B_1W_32B_32768B_1W_32B  
 
Minimum energy for L1 DCR + Uniform L2 CP is 80682243, time is 188329: 
 Core 0 use PF = 2:  64:16384B_2W_32B_32768B_1W_32B  47:8192B_1W_32B_32768B_4W_32B  
 Core 1 use PF = 2:  52:32768B_1W_32B_32768B_4W_32B  48:8192B_1W_32B_32768B_2W_32B  
 Core 2 use PF = 2:  58:16384B_2W_32B_32768B_4W_32B  26:16384B_1W_64B_32768B_2W_64B  
 Core 3 use PF = 2:  19:32768B_4W_64B_32768B_4W_64B  49:8192B_1W_32B_32768B_1W_32B  
 
Minimum energy for L2 CP only is 2147483647, time is 0 (using partition scheme 0): 
 Core 0 use PF = 1, with base L1 1 
 Core 1 use PF = 1, with base L1 1 
 Core 2 use PF = 1, with base L1 1 
 Core 3 use PF = 5, with base L1 1 
 
The Energy Improvement is 0.964488 
Method, Energy, Time, deadline=207500
CP, 2147483647, 0
DCR(Base), 80682243, 188329
DCR+CP, 76260758, 188170


There are 4 cores 
L2 cache associativity is 8 
bitcnts ,stringsearch_small ,
FMM ,WATER-NSQUARED ,
BARNES ,LU ,
CHOLESKY ,sha ,
Deadline set to: 210000
Core 0: 188808 [187929 879 ] 
Core 1: 67658 [60169 7489 ] 
Core 2: 60499 [36819 23680 ] 
Core 3: 231519 [151649 79870 ] 

Core 0: 
PF=1: E=49762937,T=188170 [ 56:16384B_2W_64B_16384B_2W_64B  47:32768B_1W_32B_32768B_1W_32B ] 
PF=2: E=49758126,T=188329 [ 64:32768B_1W_64B_16384B_2W_64B  47:32768B_1W_32B_32768B_1W_32B ] 
PF=3: E=48910407,T=188320 [ 60:32768B_1W_64B_32768B_2W_64B  26:32768B_4W_64B_32768B_4W_64B ] 
PF=4: E=49721497,T=188130 [ 56:16384B_2W_64B_16384B_2W_64B  12:32768B_1W_32B_32768B_4W_32B ] 
PF=5: E=49705969,T=188099 [ 56:32768B_1W_32B_8192B_1W_32B  26:32768B_2W_64B_32768B_1W_64B ] 
PF=6: E=49693555,T=188090 [ 56:16384B_2W_64B_16384B_2W_64B  26:8192B_1W_64B_32768B_4W_64B ] 
PF=7: E=48898250,T=188280 [ 60:32768B_2W_64B_32768B_2W_64B  12:32768B_1W_32B_32768B_4W_32B ] 

Core 1: 
PF=1: E=4082498,T=58429 [ 52:32768B_4W_64B_16384B_1W_64B  48:8192B_1W_32B_16384B_2W_32B ] 
PF=2: E=4007742,T=57568 [ 52:8192B_1W_64B_16384B_1W_64B  48:8192B_1W_32B_16384B_2W_32B ] 
PF=3: E=3940370,T=56058 [ 52:8192B_1W_64B_16384B_1W_64B  12:16384B_1W_32B_32768B_4W_32B ] 
PF=4: E=3882275,T=55459 [ 52:32768B_2W_64B_16384B_1W_64B  12:32768B_2W_32B_32768B_2W_32B ] 
PF=5: E=3831460,T=55019 [ 52:32768B_2W_64B_16384B_1W_64B  12:16384B_1W_32B_32768B_4W_32B ] 
PF=6: E=3788122,T=54699 [ 52:32768B_2W_64B_16384B_1W_64B  12:32768B_2W_64B_32768B_2W_64B ] 
PF=7: E=3750296,T=54438 [ 52:32768B_4W_64B_16384B_1W_64B  12:32768B_2W_64B_32768B_2W_64B ] 

Core 2: 
PF=1: E=1775442,T=47088 [ 58:16384B_1W_32B_16384B_1W_32B  21:16384B_1W_32B_32768B_4W_32B ] 
PF=2: E=1841503,T=49229 [ 58:16384B_1W_32B_16384B_1W_32B  26:32768B_4W_32B_32768B_2W_32B ] 
PF=3: E=1895381,T=44800 [ 19:32768B_1W_64B_32768B_4W_64B  29:32768B_1W_64B_16384B_2W_64B ] 
PF=4: E=1771884,T=42120 [ 19:8192B_1W_32B_32768B_2W_32B  29:16384B_1W_64B_16384B_2W_64B ] 
PF=5: E=1733042,T=46989 [ 52:16384B_2W_64B_16384B_1W_64B  34:8192B_1W_32B_32768B_4W_32B ] 
PF=6: E=1667306,T=45249 [ 52:16384B_2W_64B_16384B_1W_64B  21:32768B_4W_32B_32768B_4W_32B ] 
PF=7: E=1579812,T=42938 [ 52:16384B_2W_64B_16384B_1W_64B  34:8192B_1W_32B_32768B_4W_32B ] 

Core 3: 
PF=1: E=29296493,T=204040 [ 19:32768B_4W_32B_32768B_2W_32B  49:32768B_1W_64B_8192B_1W_64B ] 
PF=2: E=25074872,T=186770 [ 19:8192B_1W_32B_32768B_4W_32B  49:8192B_1W_64B_16384B_1W_64B ] 
PF=3: E=22858776,T=173539 [ 19:16384B_2W_32B_32768B_2W_32B  49:8192B_1W_64B_16384B_1W_64B ] 
PF=4: E=21419458,T=164959 [ 19:8192B_1W_64B_32768B_1W_64B  49:8192B_1W_64B_16384B_1W_64B ] 
PF=5: E=20639881,T=160329 [ 19:16384B_1W_64B_32768B_1W_64B  49:8192B_1W_64B_16384B_1W_64B ] 
PF=6: E=20336118,T=158550 [ 19:32768B_4W_32B_32768B_4W_32B  49:32768B_1W_64B_8192B_1W_64B ] 
PF=7: E=20346882,T=158660 [ 19:32768B_1W_32B_32768B_4W_32B  49:32768B_1W_64B_8192B_1W_64B ] 

Minimum energy for L1 DCR + L2 CP is 76260758, time is 188170 (using partition scheme 0): 
 Core 0 use PF = 1:  56:32768B_4W_32B_32768B_1W_32B  47:8192B_1W_32B_32768B_4W_32B  
 Core 1 use PF = 1:  52:32768B_1W_32B_32768B_4W_32B  48:8192B_1W_32B_32768B_2W_32B  
 Core 2 use PF = 1:  58:16384B_2W_32B_32768B_4W_32B  21:32768B_4W_64B_32768B_2W_64B  
 Core 3 use PF = 5:  19:32768B_4W_64B_32768B_4W_64B  49:8192B_1W_32B_32768B_1W_32B  
 
Minimum energy for L1 DCR + Uniform L2 CP is 80682243, time is 188329: 
 Core 0 use PF = 2:  64:16384B_2W_32B_32768B_1W_32B  47:8192B_1W_32B_32768B_4W_32B  
 Core 1 use PF = 2:  52:32768B_1W_32B_32768B_4W_32B  48:8192B_1W_32B_32768B_2W_32B  
 Core 2 use PF = 2:  58:16384B_2W_32B_32768B_4W_32B  26:16384B_1W_64B_32768B_2W_64B  
 Core 3 use PF = 2:  19:32768B_4W_64B_32768B_4W_64B  49:8192B_1W_32B_32768B_1W_32B  
 
Minimum energy for L2 CP only is 2147483647, time is 0 (using partition scheme 0): 
 Core 0 use PF = 1, with base L1 1 
 Core 1 use PF = 1, with base L1 1 
 Core 2 use PF = 1, with base L1 1 
 Core 3 use PF = 5, with base L1 1 
 
The Energy Improvement is 0.964488 
Method, Energy, Time, deadline=210000
CP, 2147483647, 0
DCR(Base), 80682243, 188329
DCR+CP, 76260758, 188170


